<?xml version="1.0" encoding="UTF-8"?>
<!-- Generated by org.testng.reporters.JUnitXMLReporter -->
<testsuite hostname="PEBIPL1037" name="Parent subscribe group and receive Message" tests="3" failures="0" timestamp="8 Jun 2016 21:57:06 GMT" time="72.692" errors="0">
  <testcase name="parent_register" time="64.114" classname="com.pebstone.userflow.Parent_Registration"/>
  <testcase name="subscribe_group_parent" time="4.1" classname="com.pebstone.userflow.Parent_Registration"/>
  <testcase name="read_message_parent" time="3.138" classname="com.pebstone.userflow.Parent_Registration"/>
</testsuite> <!-- Parent subscribe group and receive Message -->
