<?xml version="1.0" encoding="UTF-8"?>
<!-- Generated by org.testng.reporters.JUnitXMLReporter -->
<testsuite hostname="PEBIPL1037" name="Student subscribe group and receive Message" tests="3" failures="0" timestamp="8 Jun 2016 21:58:06 GMT" time="59.39" errors="0">
  <testcase name="student_register" time="51.227" classname="com.pebstone.userflow.Student_Registration"/>
  <testcase name="read_message_student" time="2.194" classname="com.pebstone.userflow.Student_Registration"/>
  <testcase name="subscribe_group_student" time="5.967" classname="com.pebstone.userflow.Student_Registration"/>
</testsuite> <!-- Student subscribe group and receive Message -->
