<?xml version="1.0" encoding="UTF-8"?>
<!-- Generated by org.testng.reporters.JUnitXMLReporter -->
<testsuite hostname="PEBIPL1037" name="Teacher create,subscribe group and Send Message" tests="4" failures="0" timestamp="8 Jun 2016 21:55:54 GMT" time="108.899" errors="0">
  <testcase name="teacher_register" time="70.6" classname="com.pebstone.userflow.Teacher_Registration"/>
  <testcase name="subscribe_group_teacher" time="8.539" classname="com.pebstone.userflow.Teacher_Registration"/>
  <testcase name="send_message_teacher" time="17.586" classname="com.pebstone.userflow.Teacher_Registration"/>
  <testcase name="create_group_teacher" time="10.805" classname="com.pebstone.userflow.Teacher_Registration"/>
</testsuite> <!-- Teacher create,subscribe group and Send Message -->
