<?xml version="1.0" encoding="UTF-8"?>
<!-- Generated by org.testng.reporters.JUnitXMLReporter -->
<testsuite hostname="PEBIPL1037" name="Teacher create,subscribe group and Send Message" tests="6" failures="0" timestamp="5 Jul 2016 10:05:45 GMT" time="111.086" errors="0">
  <testcase name="teacher_mobileno_confirmation" time="23.986" classname="com.pebstone.userflow.Teacher_Registration"/>
  <testcase name="teacher_otp_submission" time="9.441" classname="com.pebstone.userflow.Teacher_Registration"/>
  <testcase name="teacher_personal_details" time="36.808" classname="com.pebstone.userflow.Teacher_Registration"/>
  <testcase name="subscribe_group_teacher" time="8.129" classname="com.pebstone.userflow.Teacher_Registration"/>
  <testcase name="send_message_teacher" time="19.867" classname="com.pebstone.userflow.Teacher_Registration"/>
  <testcase name="create_group_teacher" time="11.365" classname="com.pebstone.userflow.Teacher_Registration"/>
</testsuite> <!-- Teacher create,subscribe group and Send Message -->
