<?xml version="1.0" encoding="UTF-8"?>
<testsuite name="Teacher create,subscribe group and Send Message"
           tests="6"
           failures="0"
           errors="0"
           skipped="0"
           time="109.596">
  <properties />
  
  
            <testcase name="create_group_teacher" time="11.365" classname="com.pebstone.userflow.Teacher_Registration" />
                <testcase name="teacher_otp_submission" time="9.441" classname="com.pebstone.userflow.Teacher_Registration" />
                <testcase name="teacher_mobileno_confirmation" time="23.986" classname="com.pebstone.userflow.Teacher_Registration" />
                <testcase name="subscribe_group_teacher" time="8.129" classname="com.pebstone.userflow.Teacher_Registration" />
                <testcase name="send_message_teacher" time="19.867" classname="com.pebstone.userflow.Teacher_Registration" />
                <testcase name="teacher_personal_details" time="36.808" classname="com.pebstone.userflow.Teacher_Registration" />
      
</testsuite>
